<?xml version="1.0" encoding="UTF-8"?>
<testng-results total="3" passed="3" failed="0" skipped="0">
  <reporter-output>
  </reporter-output>
  <suite started-at="2020-07-15T18:57:59Z" name="Default suite" finished-at="2020-07-15T18:58:58Z" duration-ms="59189">
    <groups>
    </groups>
    <test started-at="2020-07-15T18:57:59Z" name="Default test" finished-at="2020-07-15T18:58:58Z" duration-ms="59189">
      <class name="trail.testTrailForCortex">
        <test-method is-config="true" signature="Setup()[pri:0, instance:trail.testTrailForCortex@564718df]" started-at="2020-07-15T18:57:59Z" name="Setup" finished-at="2020-07-15T18:58:03Z" duration-ms="4256" status="PASS">
        </test-method>
        <test-method signature="FlowOneValidScenario()[pri:1, instance:trail.testTrailForCortex@564718df]" started-at="2020-07-15T18:58:03Z" name="FlowOneValidScenario" finished-at="2020-07-15T18:58:22Z" duration-ms="18886" status="PASS">
        </test-method>
        <test-method is-config="true" signature="tearDown()[pri:0, instance:trail.testTrailForCortex@564718df]" started-at="2020-07-15T18:58:22Z" name="tearDown" finished-at="2020-07-15T18:58:23Z" duration-ms="734" status="PASS">
        </test-method>
        <test-method is-config="true" signature="Setup()[pri:0, instance:trail.testTrailForCortex@564718df]" started-at="2020-07-15T18:58:23Z" name="Setup" finished-at="2020-07-15T18:58:26Z" duration-ms="3360" status="PASS">
        </test-method>
        <test-method signature="FlowOnenNegativeScenario()[pri:2, instance:trail.testTrailForCortex@564718df]" started-at="2020-07-15T18:58:26Z" name="FlowOnenNegativeScenario" finished-at="2020-07-15T18:58:43Z" duration-ms="16288" status="PASS">
        </test-method>
        <test-method is-config="true" signature="tearDown()[pri:0, instance:trail.testTrailForCortex@564718df]" started-at="2020-07-15T18:58:43Z" name="tearDown" finished-at="2020-07-15T18:58:45Z" duration-ms="2900" status="PASS">
        </test-method>
        <test-method is-config="true" signature="Setup()[pri:0, instance:trail.testTrailForCortex@564718df]" started-at="2020-07-15T18:58:45Z" name="Setup" finished-at="2020-07-15T18:58:49Z" duration-ms="3730" status="PASS">
        </test-method>
        <test-method signature="FlowTwo()[pri:3, instance:trail.testTrailForCortex@564718df]" started-at="2020-07-15T18:58:49Z" name="FlowTwo" finished-at="2020-07-15T18:58:57Z" duration-ms="8145" status="PASS">
        </test-method>
        <test-method is-config="true" signature="tearDown()[pri:0, instance:trail.testTrailForCortex@564718df]" started-at="2020-07-15T18:58:57Z" name="tearDown" finished-at="2020-07-15T18:58:58Z" duration-ms="849" status="PASS">
        </test-method>
      </class>
    </test>
  </suite>
</testng-results>
