<?xml version="1.0" encoding="UTF-8"?>
<!-- Generated by org.testng.reporters.JUnitXMLReporter -->
<testsuite hostname="LAPTOP-AN5A6NNC" failures="0" tests="3" name="Default test" time="59.189" errors="0" timestamp="15 Jul 2020 13:28:58 GMT">
  <testcase classname="trail.testTrailForCortex" name="FlowOneValidScenario" time="18.886"/>
  <testcase classname="trail.testTrailForCortex" name="FlowOnenNegativeScenario" time="16.288"/>
  <testcase classname="trail.testTrailForCortex" name="FlowTwo" time="8.145"/>
</testsuite>
